2025-05-11 11:51:31,911 -- DEBUG - Debug message 0
2025-05-11 11:51:31,912 -- INFO - Info message 0
2025-05-11 11:51:31,912 -- WARNING - Warning message 0
2025-05-11 11:51:31,912 -- ERROR - Error message 0
2025-05-11 11:51:31,912 -- CRITICAL - Critical message 0
2025-05-11 11:51:31,912 -- DEBUG - Debug message 1
2025-05-11 11:51:31,912 -- INFO - Info message 1
2025-05-11 11:51:31,912 -- WARNING - Warning message 1
2025-05-11 11:51:31,912 -- ERROR - Error message 1
2025-05-11 11:51:31,912 -- CRITICAL - Critical message 1
2025-05-11 11:51:31,912 -- DEBUG - Debug message 2
2025-05-11 11:51:31,912 -- INFO - Info message 2
2025-05-11 11:51:31,912 -- WARNING - Warning message 2
2025-05-11 11:51:31,912 -- ERROR - Error message 2
2025-05-11 11:51:31,912 -- CRITICAL - Critical message 2
2025-05-11 11:51:31,912 -- DEBUG - Debug message 3
2025-05-11 11:51:31,912 -- INFO - Info message 3
2025-05-11 11:51:31,912 -- WARNING - Warning message 3
2025-05-11 11:51:31,912 -- ERROR - Error message 3
2025-05-11 11:51:31,912 -- CRITICAL - Critical message 3
2025-05-11 11:51:31,912 -- DEBUG - Debug message 4
2025-05-11 11:51:31,912 -- INFO - Info message 4
2025-05-11 11:51:31,912 -- WARNING - Warning message 4
2025-05-11 11:51:31,912 -- ERROR - Error message 4
2025-05-11 11:51:31,912 -- CRITICAL - Critical message 4
2025-05-11 11:51:31,912 -- DEBUG - Debug message 5
2025-05-11 11:51:31,912 -- INFO - Info message 5
2025-05-11 11:51:31,912 -- WARNING - Warning message 5
2025-05-11 11:51:31,912 -- ERROR - Error message 5
2025-05-11 11:51:31,912 -- CRITICAL - Critical message 5
2025-05-11 11:51:31,912 -- DEBUG - Debug message 6
2025-05-11 11:51:31,912 -- INFO - Info message 6
2025-05-11 11:51:31,912 -- WARNING - Warning message 6
2025-05-11 11:51:31,912 -- ERROR - Error message 6
2025-05-11 11:51:31,912 -- CRITICAL - Critical message 6
2025-05-11 11:51:31,912 -- DEBUG - Debug message 7
2025-05-11 11:51:31,912 -- INFO - Info message 7
2025-05-11 11:51:31,912 -- WARNING - Warning message 7
2025-05-11 11:51:31,912 -- ERROR - Error message 7
2025-05-11 11:51:31,912 -- CRITICAL - Critical message 7
2025-05-11 11:51:31,912 -- DEBUG - Debug message 8
2025-05-11 11:51:31,912 -- INFO - Info message 8
2025-05-11 11:51:31,912 -- WARNING - Warning message 8
2025-05-11 11:51:31,912 -- ERROR - Error message 8
2025-05-11 11:51:31,912 -- CRITICAL - Critical message 8
2025-05-11 11:51:31,912 -- DEBUG - Debug message 9
2025-05-11 11:51:31,912 -- INFO - Info message 9
2025-05-11 11:51:31,912 -- WARNING - Warning message 9
2025-05-11 11:51:31,912 -- ERROR - Error message 9
2025-05-11 11:51:31,912 -- CRITICAL - Critical message 9
